<?xml version="1.0" encoding="UTF-8"?>
<Examples>
  <Example>
    <Log>PowerShell/pester@Pester/failed/555251409.log</Log>
    <Keywords>[-], , </Keywords>
    <Category>0</Category>
    <Chunk>[-] - Running without any params runs all files from the local folder -&gt; Expected and actual values differ!

Expected: '/var/folders/bb/n7t3rs157850byt_jfdcq9k80000gn/T/dir/file1.Tests.ps1'

Actual  : 'file1.Tests.ps1'

at Verify-Equal, /Users/travis/build/pester/Pester/Dependencies/Axiom/Verify-Equal.ps1:16

at &lt;ScriptBlock&gt;, /Users/travis/build/pester/Pester/new-runtimepoc/Pester.RSpec.ts.ps1:184

at t, /Users/travis/build/pester/Pester/new-runtimepoc/p.psm1:103

at &lt;ScriptBlock&gt;, /Users/travis/build/pester/Pester/new-runtimepoc/Pester.RSpec.ts.ps1:179

at b, /Users/travis/build/pester/Pester/new-runtimepoc/p.psm1:77

at &lt;ScriptBlock&gt;, /Users/travis/build/pester/Pester/new-runtimepoc/Pester.RSpec.ts.ps1:167

at i, /Users/travis/build/pester/Pester/new-runtimepoc/p.psm1:43

at &lt;ScriptBlock&gt;, /Users/travis/build/pester/Pester/new-runtimepoc/Pester.RSpec.ts.ps1:16

at &lt;ScriptBlock&gt;, &lt;No file&gt;:1

at &lt;ScriptBlock&gt;, &lt;No file&gt;:1</Chunk>
  </Example>
  <Example>
    <Log>PowerShell/pester@Pester/failed/555401304.log</Log>
    <Keywords>[-], , </Keywords>
    <Category>0</Category>
    <Chunk>[-] - Running without any params runs all files from the local folder -&gt; Expected and actual values differ!

Expected: '/var/folders/bb/n7t3rs157850byt_jfdcq9k80000gn/T/dir/file1.Tests.ps1'

Actual  : 'file1.Tests.ps1'

at Verify-Equal, /Users/travis/build/pester/Pester/Dependencies/Axiom/Verify-Equal.ps1:16

at &lt;ScriptBlock&gt;, /Users/travis/build/pester/Pester/new-runtimepoc/Pester.RSpec.ts.ps1:184

at t, /Users/travis/build/pester/Pester/new-runtimepoc/p.psm1:103

at &lt;ScriptBlock&gt;, /Users/travis/build/pester/Pester/new-runtimepoc/Pester.RSpec.ts.ps1:179

at b, /Users/travis/build/pester/Pester/new-runtimepoc/p.psm1:77

at &lt;ScriptBlock&gt;, /Users/travis/build/pester/Pester/new-runtimepoc/Pester.RSpec.ts.ps1:167

at i, /Users/travis/build/pester/Pester/new-runtimepoc/p.psm1:43

at &lt;ScriptBlock&gt;, /Users/travis/build/pester/Pester/new-runtimepoc/Pester.RSpec.ts.ps1:16

at &lt;ScriptBlock&gt;, &lt;No file&gt;:1

at &lt;ScriptBlock&gt;, &lt;No file&gt;:1</Chunk>
  </Example>
  <Example>
    <Log>PowerShell/pester@Pester/failed/555401307.log</Log>
    <Keywords>[-], , </Keywords>
    <Category>0</Category>
    <Chunk>[-] - Running without any params runs all files from the local folder -&gt; Expected and actual values differ!

Expected: '/var/folders/bb/n7t3rs157850byt_jfdcq9k80000gn/T/dir/file1.Tests.ps1'

Actual  : 'file1.Tests.ps1'

at Verify-Equal, /Users/travis/build/pester/Pester/Dependencies/Axiom/Verify-Equal.ps1:16

at &lt;ScriptBlock&gt;, /Users/travis/build/pester/Pester/new-runtimepoc/Pester.RSpec.ts.ps1:184

at t, /Users/travis/build/pester/Pester/new-runtimepoc/p.psm1:103

at &lt;ScriptBlock&gt;, /Users/travis/build/pester/Pester/new-runtimepoc/Pester.RSpec.ts.ps1:179

at b, /Users/travis/build/pester/Pester/new-runtimepoc/p.psm1:77

at &lt;ScriptBlock&gt;, /Users/travis/build/pester/Pester/new-runtimepoc/Pester.RSpec.ts.ps1:167

at i, /Users/travis/build/pester/Pester/new-runtimepoc/p.psm1:43

at &lt;ScriptBlock&gt;, /Users/travis/build/pester/Pester/new-runtimepoc/Pester.RSpec.ts.ps1:16

at &lt;ScriptBlock&gt;, &lt;No file&gt;:1

at &lt;ScriptBlock&gt;, &lt;No file&gt;:1</Chunk>
  </Example>
  <Example>
    <Log>PowerShell/pester@Pester/failed/555419018.log</Log>
    <Keywords>[-], , </Keywords>
    <Category>0</Category>
    <Chunk>[-] - Running without any params runs all files from the local folder -&gt; Expected and actual values differ!

Expected: '/var/folders/bb/n7t3rs157850byt_jfdcq9k80000gn/T/dir/file1.Tests.ps1'

Actual  : 'file1.Tests.ps1'

at Verify-Equal, /Users/travis/build/pester/Pester/Dependencies/Axiom/Verify-Equal.ps1:16

at &lt;ScriptBlock&gt;, /Users/travis/build/pester/Pester/new-runtimepoc/Pester.RSpec.ts.ps1:184

at t, /Users/travis/build/pester/Pester/new-runtimepoc/p.psm1:103

at &lt;ScriptBlock&gt;, /Users/travis/build/pester/Pester/new-runtimepoc/Pester.RSpec.ts.ps1:179

at b, /Users/travis/build/pester/Pester/new-runtimepoc/p.psm1:77

at &lt;ScriptBlock&gt;, /Users/travis/build/pester/Pester/new-runtimepoc/Pester.RSpec.ts.ps1:167

at i, /Users/travis/build/pester/Pester/new-runtimepoc/p.psm1:43

at &lt;ScriptBlock&gt;, /Users/travis/build/pester/Pester/new-runtimepoc/Pester.RSpec.ts.ps1:16

at &lt;ScriptBlock&gt;, &lt;No file&gt;:1

at &lt;ScriptBlock&gt;, &lt;No file&gt;:1</Chunk>
  </Example>
  <Example>
    <Log>PowerShell/pester@Pester/failed/555419060.log</Log>
    <Keywords>[-], , </Keywords>
    <Category>0</Category>
    <Chunk>[-] - Running without any params runs all files from the local folder -&gt; Expected and actual values differ!

Expected: '/var/folders/bb/n7t3rs157850byt_jfdcq9k80000gn/T/dir/file1.Tests.ps1'

Actual  : 'file1.Tests.ps1'

at Verify-Equal, /Users/travis/build/pester/Pester/Dependencies/Axiom/Verify-Equal.ps1:16

at &lt;ScriptBlock&gt;, /Users/travis/build/pester/Pester/new-runtimepoc/Pester.RSpec.ts.ps1:184

at t, /Users/travis/build/pester/Pester/new-runtimepoc/p.psm1:103

at &lt;ScriptBlock&gt;, /Users/travis/build/pester/Pester/new-runtimepoc/Pester.RSpec.ts.ps1:179

at b, /Users/travis/build/pester/Pester/new-runtimepoc/p.psm1:77

at &lt;ScriptBlock&gt;, /Users/travis/build/pester/Pester/new-runtimepoc/Pester.RSpec.ts.ps1:167

at i, /Users/travis/build/pester/Pester/new-runtimepoc/p.psm1:43

at &lt;ScriptBlock&gt;, /Users/travis/build/pester/Pester/new-runtimepoc/Pester.RSpec.ts.ps1:16

at &lt;ScriptBlock&gt;, &lt;No file&gt;:1

at &lt;ScriptBlock&gt;, &lt;No file&gt;:1</Chunk>
  </Example>
  <Example>
    <Log>PowerShell/pester@Pester/failed/562258202.log</Log>
    <Keywords>[-], , </Keywords>
    <Category>0</Category>
    <Chunk>[-] - running a single mock in one It -&gt; Expected and actual values differ!

Expected: 'mock'

Actual  : ''

at Verify-Equal, /Users/travis/build/pester/Pester/Dependencies/Axiom/Verify-Equal.ps1:16

at &lt;ScriptBlock&gt;, /Users/travis/build/pester/Pester/new-runtimepoc/Pester.Mock.RSpec.ts.ps1:30

at t, /Users/travis/build/pester/Pester/new-runtimepoc/p.psm1:103

at &lt;ScriptBlock&gt;, /Users/travis/build/pester/Pester/new-runtimepoc/Pester.Mock.RSpec.ts.ps1:19

at b, /Users/travis/build/pester/Pester/new-runtimepoc/p.psm1:77

at &lt;ScriptBlock&gt;, /Users/travis/build/pester/Pester/new-runtimepoc/Pester.Mock.RSpec.ts.ps1:18

at i, /Users/travis/build/pester/Pester/new-runtimepoc/p.psm1:43

at &lt;ScriptBlock&gt;, /Users/travis/build/pester/Pester/new-runtimepoc/Pester.Mock.RSpec.ts.ps1:17

at &lt;ScriptBlock&gt;, &lt;No file&gt;:1

at &lt;ScriptBlock&gt;, &lt;No file&gt;:1</Chunk>
  </Example>
  <Example>
    <Log>PowerShell/pester@Pester/failed/562381289.log</Log>
    <Keywords>[-], , </Keywords>
    <Category>0</Category>
    <Chunk>[-] i1[39;49m[39;49m[39;49m[30m[39;49m[30m 645ms (581ms|64ms)[39;49m[39;49m

[39;49m[31m[39;49m[31m      PropertyNotFoundException: The property 'Value' cannot be found on this object. Verify that the property exists.[39;49m[39;49m

[39;49m[31m[39;49m[31m      at ScriptBlock&gt;, /Users/travis/build/pester/Pester/new-runtimepoc/Pester.Runtime.psm1:1408[39;49m[39;49m

[39;49m[31m[39;49m[31m      at ScriptBlock&gt;, /Users/travis/build/pester/Pester/new-runtimepoc/Pester.Runtime.psm1:1355[39;49m[39;49m

[39;49m[31m[39;49m[31m      at Invoke-ScriptBlock, /Users/travis/build/pester/Pester/new-runtimepoc/Pester.Runtime.psm1:1537[39;49m[39;49m

[39;49m[31m[39;49m[31m      at Invoke-TestItem, /Users/travis/build/pester/Pester/new-runtimepoc/Pester.Runtime.psm1:589[39;49m[39;49m

[39;49m[31m[39;49m[31m      at Invoke-Block, /Users/travis/build/pester/Pester/new-runtimepoc/Pester.Runtime.psm1:262[39;49m[39;49m

[39;49m[31m[39;49m[31m      at ScriptBlock&gt;, /Users/travis/build/pester/Pester/new-runtimepoc/Pester.Runtime.psm1:333[39;49m[39;49m

[39;49m[31m[39;49m[31m      at ScriptBlock&gt;, /Users/travis/build/pester/Pester/new-runtimepoc/Pester.Runtime.psm1:1399[39;49m[39;49m

[39;49m[31m[39;49m[31m      at ScriptBlock&gt;, /Users/travis/build/pester/Pester/new-runtimepoc/Pester.Runtime.psm1:1355[39;49m[39;49m

[39;49m[31m[39;49m[31m      at Invoke-ScriptBlock, /Users/travis/build/pester/Pester/new-runtimepoc/Pester.Runtime.psm1:1540[39;49m[39;49m

[39;49m[31m[39;49m[31m      at Invoke-Block, /Users/travis/build/pester/Pester/new-runtimepoc/Pester.Runtime.psm1:362[39;49m[39;49m

[39;49m[31m[39;49m[31m      at Run-Test, /Users/travis/build/pester/Pester/new-runtimepoc/Pester.Runtime.psm1:1133[39;49m[39;49m

[39;49m[31m[39;49m[31m      at Invoke-Test, /Users/travis/build/pester/Pester/new-runtimepoc/Pester.Runtime.psm1:1876[39;49m[39;49m

[39;49m[31m[39;49m[31m      at Invoke-PesterEnd&gt;, /Users/travis/build/pester/Pester/Pester.psm1:729[39;49m[39;49m

[39;49m[31m[39;49m[31m      at ScriptBlock&gt;, /Users/travis/build/pester/Pester/new-runtimepoc/Pester.Mock.RSpec.ts.ps1:20[39;49m[39;49m

[39;49m[31m[39;49m[31m      at t, /Users/travis/build/pester/Pester/new-runtimepoc/p.psm1:103[39;49m[39;49m

[39;49m[31m[39;49m[31m      at ScriptBlock&gt;, /Users/travis/build/pester/Pester/new-runtimepoc/Pester.Mock.RSpec.ts.ps1:19[39;49m[39;49m

[39;49m[31m[39;49m[31m      at b, /Users/travis/build/pester/Pester/new-runtimepoc/p.psm1:77[39;49m[39;49m

[39;49m[31m[39;49m[31m      at ScriptBlock&gt;, /Users/travis/build/pester/Pester/new-runtimepoc/Pester.Mock.RSpec.ts.ps1:18[39;49m[39;49m

[39;49m[31m[39;49m[31m      at i, /Users/travis/build/pester/Pester/new-runtimepoc/p.psm1:43[39;49m[39;49m

[39;49m[31m[39;49m[31m      at ScriptBlock&gt;, /Users/travis/build/pester/Pester/new-runtimepoc/Pester.Mock.RSpec.ts.ps1:17[39;49m[39;49m

[39;49m[31m[39;49m[31mBlock 'd1' failed[39;49m[39;49m

[39;49m[31m[39;49m[31m      PropertyNotFoundException: The property 'Value' cannot be found on this object. Verify that the property exists.[39;49m[39;49m

[39;49m[31m[39;49m[31m      at ScriptBlock&gt;, /Users/travis/build/pester/Pester/new-runtimepoc/Pester.Runtime.psm1:1408[39;49m[39;49m

[39;49m[31m[39;49m[31m      at ScriptBlock&gt;, /Users/travis/build/pester/Pester/new-runtimepoc/Pester.Runtime.psm1:1355[39;49m[39;49m

[39;49m[31m[39;49m[31m      at Invoke-ScriptBlock, /Users/travis/build/pester/Pester/new-runtimepoc/Pester.Runtime.psm1:1540[39;49m[39;49m

[39;49m[31m[39;49m[31m      at Invoke-Block, /Users/travis/build/pester/Pester/new-runtimepoc/Pester.Runtime.psm1:362[39;49m[39;49m

[39;49m[31m[39;49m[31m      at Run-Test, /Users/travis/build/pester/Pester/new-runtimepoc/Pester.Runtime.psm1:1133[39;49m[39;49m

[39;49m[31m[39;49m[31m      at Invoke-Test, /Users/travis/build/pester/Pester/new-runtimepoc/Pester.Runtime.psm1:1876[39;49m[39;49m

[39;49m[31m[39;49m[31m      at Invoke-PesterEnd&gt;, /Users/travis/build/pester/Pester/Pester.psm1:729[39;49m[39;49m

[39;49m[31m[39;49m[31m      at ScriptBlock&gt;, /Users/travis/build/pester/Pester/new-runtimepoc/Pester.Mock.RSpec.ts.ps1:20[39;49m[39;49m

[39;49m[31m[39;49m[31m      at t, /Users/travis/build/pester/Pester/new-runtimepoc/p.psm1:103[39;49m[39;49m

[39;49m[31m[39;49m[31m      at ScriptBlock&gt;, /Users/travis/build/pester/Pester/new-runtimepoc/Pester.Mock.RSpec.ts.ps1:19[39;49m[39;49m

[39;49m[31m[39;49m[31m      at b, /Users/travis/build/pester/Pester/new-runtimepoc/p.psm1:77[39;49m[39;49m

[39;49m[31m[39;49m[31m      at ScriptBlock&gt;, /Users/travis/build/pester/Pester/new-runtimepoc/Pester.Mock.RSpec.ts.ps1:18[39;49m[39;49m

[39;49m[31m[39;49m[31m      at i, /Users/travis/build/pester/Pester/new-runtimepoc/p.psm1:43[39;49m[39;49m

[39;49m[31m[39;49m[31m      at ScriptBlock&gt;, /Users/travis/build/pester/Pester/new-runtimepoc/Pester.Mock.RSpec.ts.ps1:17</Chunk>
  </Example>
  <Example>
    <Log>PowerShell/pester@Pester/failed/571685455.log</Log>
    <Keywords>[-], , </Keywords>
    <Category>0</Category>
    <Chunk>[-] should write a successful test result[39;49m[39;49m[39;49m[30m[39;49m[30m 54ms[39;49m[39;49m

[39;49m[31m[39;49m[31m      CommandNotFoundException: The term 'Export-NunitReport' is not recognized as the name of a cmdlet, function, script file, or operable program.[39;49m[39;49m

[39;49m[31m[39;49m[31m      Check the spelling of the name, or if a path was included, verify that the path is correct and try again.[39;49m[39;49m

[39;49m[31m[39;49m[31m    [-] should write a failed test result[39;49m[39;49m[39;49m[30m[39;49m[30m 40ms[39;49m[39;49m

[39;49m[31m[39;49m[31m      CommandNotFoundException: The term 'Export-NunitReport' is not recognized as the name of a cmdlet, function, script file, or operable program.[39;49m[39;49m

[39;49m[31m[39;49m[31m      Check the spelling of the name, or if a path was included, verify that the path is correct and try again.[39;49m[39;49m

[39;49m[31m[39;49m[31m    [-] should write the test summary[39;49m[39;49m[39;49m[30m[39;49m[30m 37ms[39;49m[39;49m

[39;49m[31m[39;49m[31m      CommandNotFoundException: The term 'Export-NunitReport' is not recognized as the name of a cmdlet, function, script file, or operable program.[39;49m[39;49m

[39;49m[31m[39;49m[31m      Check the spelling of the name, or if a path was included, verify that the path is correct and try again.[39;49m[39;49m

[39;49m[31m[39;49m[31m    [-] should write the test-suite information[39;49m[39;49m[39;49m[30m[39;49m[30m 328ms[39;49m[39;49m

[39;49m[31m[39;49m[31m      CommandNotFoundException: The term 'Export-NunitReport' is not recognized as the name of a cmdlet, function, script file, or operable program.[39;49m[39;49m

[39;49m[31m[39;49m[31m      Check the spelling of the name, or if a path was included, verify that the path is correct and try again.[39;49m[39;49m

[39;49m[31m[39;49m[31m    [-] should write two test-suite elements for two describes[39;49m[39;49m[39;49m[30m[39;49m[30m 501ms[39;49m[39;49m

[39;49m[31m[39;49m[31m      CommandNotFoundException: The term 'Export-NunitReport' is not recognized as the name of a cmdlet, function, script file, or operable program.[39;49m[39;49m

[39;49m[31m[39;49m[31m      Check the spelling of the name, or if a path was included, verify that the path is correct and try again.[39;49m[39;49m

[39;49m[31m[39;49m[31m    [-] should write the environment information[39;49m[39;49m[39;49m[30m[39;49m[30m 30ms[39;49m[39;49m

[39;49m[31m[39;49m[31m      CommandNotFoundException: The term 'Export-NunitReport' is not recognized as the name of a cmdlet, function, script file, or operable program.[39;49m[39;49m

[39;49m[31m[39;49m[31m      Check the spelling of the name, or if a path was included, verify that the path is correct and try again.[39;49m[39;49m

[39;49m[31m[39;49m[31m    [-] Should validate test results against the nunit 2.5 schema[39;49m[39;49m[39;49m[30m[39;49m[30m 43ms[39;49m[39;49m

[39;49m[31m[39;49m[31m      CommandNotFoundException: The term 'Export-NunitReport' is not recognized as the name of a cmdlet, function, script file, or operable program.[39;49m[39;49m

[39;49m[31m[39;49m[31m      Check the spelling of the name, or if a path was included, verify that the path is correct and try again.[39;49m[39;49m

[39;49m[31m[39;49m[31m    [-] handles special characters in block descriptions well -!@#$%^*()_+1234567890[];'',./"- [39;49m[39;49m[39;49m[30m[39;49m[30m 40ms[39;49m[39;49m

[39;49m[31m[39;49m[31m      CommandNotFoundException: The term 'Export-NunitReport' is not recognized as the name of a cmdlet, function, script file, or operable program.[39;49m[39;49m

[39;49m[31m[39;49m[31m      Check the spelling of the name, or if a path was included, verify that the path is correct and try again.[39;49m[39;49m</Chunk>
  </Example>
  <Example>
    <Log>PowerShell/pester@Pester/failed/571956551.log</Log>
    <Keywords>[-], , </Keywords>
    <Category>0</Category>
    <Chunk>[-] should write a successful test result[39;49m[39;49m[39;49m[30m[39;49m[30m 47ms[39;49m[39;49m

[39;49m[31m[39;49m[31m      CommandNotFoundException: The term 'Export-NunitReport' is not recognized as the name of a cmdlet, function, script file, or operable program.[39;49m[39;49m

[39;49m[31m[39;49m[31m      Check the spelling of the name, or if a path was included, verify that the path is correct and try again.[39;49m[39;49m

[39;49m[31m[39;49m[31m    [-] should write a failed test result[39;49m[39;49m[39;49m[30m[39;49m[30m 45ms[39;49m[39;49m

[39;49m[31m[39;49m[31m      CommandNotFoundException: The term 'Export-NunitReport' is not recognized as the name of a cmdlet, function, script file, or operable program.[39;49m[39;49m

[39;49m[31m[39;49m[31m      Check the spelling of the name, or if a path was included, verify that the path is correct and try again.[39;49m[39;49m

[39;49m[31m[39;49m[31m    [-] should write the test summary[39;49m[39;49m[39;49m[30m[39;49m[30m 43ms[39;49m[39;49m

[39;49m[31m[39;49m[31m      CommandNotFoundException: The term 'Export-NunitReport' is not recognized as the name of a cmdlet, function, script file, or operable program.[39;49m[39;49m

[39;49m[31m[39;49m[31m      Check the spelling of the name, or if a path was included, verify that the path is correct and try again.[39;49m[39;49m

[39;49m[31m[39;49m[31m    [-] should write the test-suite information[39;49m[39;49m[39;49m[30m[39;49m[30m 379ms[39;49m[39;49m

[39;49m[31m[39;49m[31m      CommandNotFoundException: The term 'Export-NunitReport' is not recognized as the name of a cmdlet, function, script file, or operable program.[39;49m[39;49m

[39;49m[31m[39;49m[31m      Check the spelling of the name, or if a path was included, verify that the path is correct and try again.[39;49m[39;49m

[39;49m[31m[39;49m[31m    [-] should write two test-suite elements for two describes[39;49m[39;49m[39;49m[30m[39;49m[30m 544ms[39;49m[39;49m

[39;49m[31m[39;49m[31m      CommandNotFoundException: The term 'Export-NunitReport' is not recognized as the name of a cmdlet, function, script file, or operable program.[39;49m[39;49m

[39;49m[31m[39;49m[31m      Check the spelling of the name, or if a path was included, verify that the path is correct and try again.[39;49m[39;49m

[39;49m[31m[39;49m[31m    [-] should write the environment information[39;49m[39;49m[39;49m[30m[39;49m[30m 31ms[39;49m[39;49m

[39;49m[31m[39;49m[31m      CommandNotFoundException: The term 'Export-NunitReport' is not recognized as the name of a cmdlet, function, script file, or operable program.[39;49m[39;49m

[39;49m[31m[39;49m[31m      Check the spelling of the name, or if a path was included, verify that the path is correct and try again.[39;49m[39;49m

[39;49m[31m[39;49m[31m    [-] Should validate test results against the nunit 2.5 schema[39;49m[39;49m[39;49m[30m[39;49m[30m 42ms[39;49m[39;49m

[39;49m[31m[39;49m[31m      CommandNotFoundException: The term 'Export-NunitReport' is not recognized as the name of a cmdlet, function, script file, or operable program.[39;49m[39;49m

[39;49m[31m[39;49m[31m      Check the spelling of the name, or if a path was included, verify that the path is correct and try again.[39;49m[39;49m

[39;49m[31m[39;49m[31m    [-] handles special characters in block descriptions well -!@#$%^*()_+1234567890[];'',./"- [39;49m[39;49m[39;49m[30m[39;49m[30m 35ms[39;49m[39;49m

[39;49m[31m[39;49m[31m      CommandNotFoundException: The term 'Export-NunitReport' is not recognized as the name of a cmdlet, function, script file, or operable program.[39;49m[39;49m

[39;49m[31m[39;49m[31m      Check the spelling of the name, or if a path was included, verify that the path is correct and try again.[39;49m[39;49m</Chunk>
  </Example>
  <Example>
    <Log>PowerShell/pester@Pester/failed/572257652.log</Log>
    <Keywords>[-], , </Keywords>
    <Category>0</Category>
    <Chunk>[-] Should validate test results against the nunit 2.5 schema[39;49m[39;49m[39;49m[30m[39;49m[30m 191ms[39;49m[39;49m

[39;49m[31m[39;49m[31m      Expected no exception to be thrown, but an exception "Exception calling "Validate" with "1" argument(s): "The 'junit-version' attribute is not declared."" was thrown from /Users/travis/build/pester/Pester/Functions/TestResults.Tests.ps1:163 char:15[39;49m[39;49m

[39;49m[31m[39;49m[31m          +             { $xml.Validate( {throw $args.Exception }) } | Should -No ...[39;49m[39;49m

[39;49m[31m[39;49m[31m          +               ~~~~~~~~~~~~~~~~~~~~~~~~~~~~~~~~~~~~~~~~.[39;49m[39;49m

[39;49m[31m[39;49m[31m      163:             { $xml.Validate( {throw $args.Exception }) } | Should -Not -Throw
[39;49m[39;49m

[?1h=[?1h=[?1h=[?1h=[39;49m[31m[39;49m[31m    [-] handles special characters in block descriptions well -!@#$%^*()_+1234567890[];'',./"- [39;49m[39;49m[39;49m[30m[39;49m[30m 130ms[39;49m[39;49m

[39;49m[31m[39;49m[31m      Expected no exception to be thrown, but an exception "Exception calling "Validate" with "1" argument(s): "The 'junit-version' attribute is not declared."" was thrown from /Users/travis/build/pester/Pester/Functions/TestResults.Tests.ps1:180 char:15[39;49m[39;49m

[39;49m[31m[39;49m[31m          +             { $xml.Validate( {throw $args.Exception }) } | Should -No ...[39;49m[39;49m

[39;49m[31m[39;49m[31m          +               ~~~~~~~~~~~~~~~~~~~~~~~~~~~~~~~~~~~~~~~~.[39;49m[39;49m

[39;49m[31m[39;49m[31m      180:             { $xml.Validate( {throw $args.Exception }) } | Should -Not -Throw</Chunk>
  </Example>
</Examples>
